app/build/intermediates/manifest_merge_blame_file/debug/manifest-merger-blame-debug-report.txt
1<?xml version="1.0" encoding="utf-8"?>
2<manifest xmlns:android="http://schemas.android.com/apk/res/android"
3    package="com.Fiannce.myapplication"
4    android:versionCode="1"
5    android:versionName="1.0" >
6
7    <uses-sdk
8        android:minSdkVersion="24"
8-->src\main\AndroidManifest.xml
9        android:targetSdkVersion="30" />
9-->src\main\AndroidManifest.xml
10
11    <uses-permission android:name="android.permission.INTERNET" />
11-->src\main\AndroidManifest.xml:4:1-62
11-->src\main\AndroidManifest.xml:4:18-60
12    <uses-permission android:name="android.permission.ACCESS_NETWORK_STATE" />
12-->[fm.jiecao:jiecaovideoplayer:5.5] AndroidManifest.xml:11:5-79
12-->[fm.jiecao:jiecaovideoplayer:5.5] AndroidManifest.xml:11:22-76
13
14    <application
14-->src\main\AndroidManifest.xml:5:5-22:19
15        android:allowBackup="true"
15-->src\main\AndroidManifest.xml:6:9-35
16        android:appComponentFactory="androidx.core.app.CoreComponentFactory"
16-->[androidx.core:core:1.1.0] AndroidManifest.xml:24:18-86
17        android:debuggable="true"
18        android:icon="@mipmap/ic_launcher"
18-->src\main\AndroidManifest.xml:7:9-43
19        android:label="@string/app_name"
19-->src\main\AndroidManifest.xml:8:9-41
20        android:roundIcon="@mipmap/ic_launcher_round"
20-->src\main\AndroidManifest.xml:9:9-54
21        android:supportsRtl="true"
21-->src\main\AndroidManifest.xml:10:9-35
22        android:testOnly="true"
23        android:theme="@style/AppTheme" >
23-->src\main\AndroidManifest.xml:11:9-40
24        <activity android:name="com.Fiannce.myapplication.welcome.WelcomeActivity" >
24-->src\main\AndroidManifest.xml:12:9-18:20
24-->src\main\AndroidManifest.xml:12:19-58
25            <intent-filter>
25-->src\main\AndroidManifest.xml:13:13-17:29
26                <action android:name="android.intent.action.MAIN" />
26-->src\main\AndroidManifest.xml:14:17-69
26-->src\main\AndroidManifest.xml:14:25-66
27
28                <category android:name="android.intent.category.LAUNCHER" />
28-->src\main\AndroidManifest.xml:16:17-77
28-->src\main\AndroidManifest.xml:16:27-74
29            </intent-filter>
30        </activity>
31        <activity android:name="com.Fiannce.myapplication.MainActivity" >
31-->src\main\AndroidManifest.xml:19:9-21:20
31-->src\main\AndroidManifest.xml:19:19-47
32        </activity>
33        <activity android:name="com.fiannce.pay.PayActivity" />
33-->[:pay] AndroidManifest.xml:12:9-64
33-->[:pay] AndroidManifest.xml:12:19-61
34        <activity android:name="com.fiannce.user.LoginActivity" />
34-->[:user] AndroidManifest.xml:12:9-67
34-->[:user] AndroidManifest.xml:12:19-64
35        <activity
35-->[com.blankj:utilcodex:1.28.3] AndroidManifest.xml:10:9-15:75
36            android:name="com.blankj.utilcode.util.UtilsTransActivity"
36-->[com.blankj:utilcodex:1.28.3] AndroidManifest.xml:11:13-71
37            android:configChanges="orientation|keyboardHidden|screenSize"
37-->[com.blankj:utilcodex:1.28.3] AndroidManifest.xml:12:13-74
38            android:multiprocess="true"
38-->[com.blankj:utilcodex:1.28.3] AndroidManifest.xml:13:13-40
39            android:theme="@style/ActivityTranslucent"
39-->[com.blankj:utilcodex:1.28.3] AndroidManifest.xml:14:13-55
40            android:windowSoftInputMode="stateHidden|stateAlwaysHidden" />
40-->[com.blankj:utilcodex:1.28.3] AndroidManifest.xml:15:13-72
41
42        <provider
42-->[com.blankj:utilcodex:1.28.3] AndroidManifest.xml:17:9-25:20
43            android:name="com.blankj.utilcode.util.UtilsFileProvider"
43-->[com.blankj:utilcodex:1.28.3] AndroidManifest.xml:18:13-70
44            android:authorities="com.Fiannce.myapplication.utilcode.provider"
44-->[com.blankj:utilcodex:1.28.3] AndroidManifest.xml:19:13-69
45            android:exported="false"
45-->[com.blankj:utilcodex:1.28.3] AndroidManifest.xml:20:13-37
46            android:grantUriPermissions="true" >
46-->[com.blankj:utilcodex:1.28.3] AndroidManifest.xml:21:13-47
47            <meta-data
47-->[com.blankj:utilcodex:1.28.3] AndroidManifest.xml:22:13-24:68
48                android:name="android.support.FILE_PROVIDER_PATHS"
48-->[com.blankj:utilcodex:1.28.3] AndroidManifest.xml:23:17-67
49                android:resource="@xml/util_code_provider_paths" />
49-->[com.blankj:utilcodex:1.28.3] AndroidManifest.xml:24:17-65
50        </provider>
51
52        <service
52-->[com.blankj:utilcodex:1.28.3] AndroidManifest.xml:27:9-33:19
53            android:name="com.blankj.utilcode.util.MessengerUtils$ServerService"
53-->[com.blankj:utilcodex:1.28.3] AndroidManifest.xml:28:13-81
54            android:exported="false" >
54-->[com.blankj:utilcodex:1.28.3] AndroidManifest.xml:29:13-37
55            <intent-filter>
55-->[com.blankj:utilcodex:1.28.3] AndroidManifest.xml:30:13-32:29
56                <action android:name="com.Fiannce.myapplication.messenger" />
56-->[com.blankj:utilcodex:1.28.3] AndroidManifest.xml:31:17-69
56-->[com.blankj:utilcodex:1.28.3] AndroidManifest.xml:31:25-66
57            </intent-filter>
58        </service>
59    </application>
60
61</manifest>